#
# There is insufficient memory for the Java Runtime Environment to continue.
# Native memory allocation (malloc) failed to allocate 212896 bytes for Chunk::new
# Possible reasons:
#   The system is out of physical RAM or swap space
#   The process is running with CompressedOops enabled, and the Java Heap may be blocking the growth of the native heap
# Possible solutions:
#   Reduce memory load on the system
#   Increase physical memory or swap space
#   Check if swap backing store is full
#   Decrease Java heap size (-Xmx/-Xms)
#   Decrease number of Java threads
#   Decrease Java thread stack sizes (-Xss)
#   Set larger code cache with -XX:ReservedCodeCacheSize=
#   JVM is running with Unscaled Compressed Oops mode in which the Java heap is
#     placed in the first 4GB address space. The Java Heap base address is the
#     maximum limit for the native heap growth. Please use -XX:HeapBaseMinAddress
#     to set the Java Heap base and to place the Java Heap above 4GB virtual address.
# This output file may be truncated or incomplete.
#
#  Out of Memory Error (allocation.cpp:389), pid=12888, tid=0x00000000000027b8
#
# JRE version: Java(TM) SE Runtime Environment (8.0_261-b12) (build 1.8.0_261-b12)
# Java VM: Java HotSpot(TM) 64-Bit Server VM (25.261-b12 mixed mode windows-amd64 compressed oops)
# Failed to write core dump. Minidumps are not enabled by default on client versions of Windows
#

---------------  T H R E A D  ---------------

Current thread (0x00000268fe18b000):  JavaThread "C2 CompilerThread0" daemon [_thread_in_native, id=10168, stack(0x0000009cab600000,0x0000009cab700000)]

Stack: [0x0000009cab600000,0x0000009cab700000]
Native frames: (J=compiled Java code, j=interpreted, Vv=VM code, C=native code)
V  [jvm.dll+0x33e5f9]
V  [jvm.dll+0x2850e2]
V  [jvm.dll+0x285d8d]
V  [jvm.dll+0x27c895]
V  [jvm.dll+0xe4d6c]
V  [jvm.dll+0xe556c]
V  [jvm.dll+0x461812]
V  [jvm.dll+0x49cc3d]
V  [jvm.dll+0x4518c1]
V  [jvm.dll+0x44eb84]
V  [jvm.dll+0x439bc7]
V  [jvm.dll+0xbbbcb]
V  [jvm.dll+0xba22b]
V  [jvm.dll+0x24d962]
V  [jvm.dll+0x2a1cfc]
C  [ucrtbase.dll+0x21542]
C  [KERNEL32.DLL+0x16fd4]
C  [ntdll.dll+0x4cec1]


Current CompileTask:
C2: 229505 27150       4       com.android.tools.r8.graph.U::a (48 bytes)


---------------  P R O C E S S  ---------------

Java Threads: ( => current thread )
  0x0000026880688000 JavaThread "ForkJoinPool-6-worker-0" daemon [_thread_in_Java, id=9596, stack(0x0000009caec00000,0x0000009caed00000)]
  0x000002688067c800 JavaThread "ForkJoinPool-6-worker-3" daemon [_thread_blocked, id=13604, stack(0x0000009caeb00000,0x0000009caec00000)]
  0x0000026880682000 JavaThread "ForkJoinPool-6-worker-2" daemon [_thread_blocked, id=8004, stack(0x0000009caea00000,0x0000009caeb00000)]
  0x0000026880681000 JavaThread "ForkJoinPool-6-worker-1" daemon [_thread_blocked, id=13480, stack(0x0000009cae900000,0x0000009caea00000)]
  0x000002688067c000 JavaThread "ForkJoinPool.commonPool-worker-2" daemon [_thread_blocked, id=14144, stack(0x0000009cae800000,0x0000009cae900000)]
  0x0000026880680800 JavaThread "File lock release action executor" [_thread_blocked, id=14080, stack(0x0000009cac000000,0x0000009cac100000)]
  0x0000026880838800 JavaThread "stdout" [_thread_in_native, id=8756, stack(0x0000009cae700000,0x0000009cae800000)]
  0x000002688083b000 JavaThread "stderr" [_thread_in_native, id=17584, stack(0x0000009cae600000,0x0000009cae700000)]
  0x000002688083c800 JavaThread "stdout" [_thread_in_native, id=14704, stack(0x0000009cae500000,0x0000009cae600000)]
  0x0000026880838000 JavaThread "stderr" [_thread_in_native, id=9772, stack(0x0000009cae400000,0x0000009cae500000)]
  0x0000026880830800 JavaThread "stdout" [_thread_in_native, id=8280, stack(0x0000009cae300000,0x0000009cae400000)]
  0x0000026880837000 JavaThread "stderr" [_thread_in_native, id=12988, stack(0x0000009cae200000,0x0000009cae300000)]
  0x000002688082f800 JavaThread "stdout" [_thread_in_native, id=17388, stack(0x0000009cae000000,0x0000009cae100000)]
  0x0000026880836800 JavaThread "stderr" [_thread_in_native, id=13668, stack(0x0000009cadf00000,0x0000009cae000000)]
  0x0000026880833800 JavaThread "pool-5-thread-1" [_thread_blocked, id=3868, stack(0x0000009cada00000,0x0000009cadb00000)]
  0x000002688082f000 JavaThread "Cache worker for Java compile cache (E:\Purwadhika\DailyLecture\Mobile\Gilang\android\.gradle\6.2\javaCompile)" [_thread_blocked, id=16540, stack(0x0000009cade00000,0x0000009cadf00000)]
  0x0000026880835800 JavaThread "WorkerExecutor Queue Thread 4" [_thread_blocked, id=8892, stack(0x0000009cadd00000,0x0000009cade00000)]
  0x000002688082d800 JavaThread "WorkerExecutor Queue Thread 3" [_thread_blocked, id=13292, stack(0x0000009cadc00000,0x0000009cadd00000)]
  0x0000026880834000 JavaThread "WorkerExecutor Queue Thread 2" [_thread_blocked, id=14484, stack(0x0000009cadb00000,0x0000009cadc00000)]
  0x0000026885174000 JavaThread "WorkerExecutor Queue" [_thread_blocked, id=16396, stack(0x0000009cad900000,0x0000009cada00000)]
  0x0000026885173800 JavaThread "Cache worker for execution history cache (E:\Purwadhika\DailyLecture\Mobile\Gilang\android\.gradle\6.2\executionHistory)" [_thread_blocked, id=7624, stack(0x0000009cad800000,0x0000009cad900000)]
  0x0000026885172800 JavaThread "Execution worker for ':' Thread 3" [_thread_blocked, id=9928, stack(0x0000009cad700000,0x0000009cad800000)]
  0x0000026885172000 JavaThread "Execution worker for ':' Thread 2" [_thread_in_native, id=11140, stack(0x0000009cad200000,0x0000009cad300000)]
  0x000002688516a800 JavaThread "Execution worker for ':'" [_thread_blocked, id=16888, stack(0x0000009cad100000,0x0000009cad200000)]
  0x0000026885169800 JavaThread "Cache worker for file content cache (E:\Purwadhika\DailyLecture\Mobile\Gilang\android\.gradle\6.2\fileContent)" [_thread_blocked, id=10044, stack(0x0000009cad000000,0x0000009cad100000)]
  0x0000026885171000 JavaThread "Cache worker for Build Output Cleanup Cache (E:\Purwadhika\DailyLecture\Mobile\Gilang\android\.gradle\buildOutputCleanup)" [_thread_blocked, id=7352, stack(0x0000009cacf00000,0x0000009cad000000)]
  0x000002688516f800 JavaThread "pool-4-thread-1" [_thread_blocked, id=7900, stack(0x0000009cace00000,0x0000009cacf00000)]
  0x000002688516f000 JavaThread "Build operations Thread 4" [_thread_blocked, id=9172, stack(0x0000009cacd00000,0x0000009cace00000)]
  0x0000026885170800 JavaThread "Build operations Thread 3" [_thread_blocked, id=2152, stack(0x0000009cacb00000,0x0000009cacc00000)]
  0x000002688516e000 JavaThread "Build operations Thread 2" [_thread_blocked, id=6768, stack(0x0000009caca00000,0x0000009cacb00000)]
  0x0000026885166800 JavaThread "Build operations" [_thread_blocked, id=10192, stack(0x0000009caaa00000,0x0000009caab00000)]
  0x000002688516d800 JavaThread "Cache worker for cache directory md-rule (C:\Users\Gilang\.gradle\caches\6.2\md-rule)" [_thread_blocked, id=2720, stack(0x0000009cac900000,0x0000009caca00000)]
  0x0000026885166000 JavaThread "Cache worker for cache directory md-supplier (C:\Users\Gilang\.gradle\caches\6.2\md-supplier)" [_thread_blocked, id=9856, stack(0x0000009cac800000,0x0000009cac900000)]
  0x000002688516c800 JavaThread "Cache worker for file hash cache (E:\Purwadhika\DailyLecture\Mobile\Gilang\android\.gradle\6.2\fileHashes)" [_thread_blocked, id=4552, stack(0x0000009cac400000,0x0000009cac500000)]
  0x0000026885165000 JavaThread "Cache worker for checksums cache (E:\Purwadhika\DailyLecture\Mobile\Gilang\android\.gradle\checksums)" [_thread_blocked, id=5924, stack(0x0000009cac300000,0x0000009cac400000)]
  0x000002688516c000 JavaThread "Thread-42" [_thread_blocked, id=2008, stack(0x0000009cac200000,0x0000009cac300000)]
  0x0000026885169000 JavaThread "Asynchronous log dispatcher for DefaultDaemonConnection: socket connection from /127.0.0.1:64265 to /127.0.0.1:64273" [_thread_blocked, id=11148, stack(0x0000009cabf00000,0x0000009cac000000)]
  0x0000026885168000 JavaThread "Cancel handler" [_thread_blocked, id=3088, stack(0x0000009caab00000,0x0000009caac00000)]
  0x0000026885167800 JavaThread "Handler for socket connection from /127.0.0.1:64265 to /127.0.0.1:64273" [_thread_in_native, id=11732, stack(0x0000009caa900000,0x0000009caaa00000)]
  0x0000026880832800 JavaThread "Cache worker for Java compile cache (C:\Users\Gilang\.gradle\caches\6.2\javaCompile)" [_thread_blocked, id=7192, stack(0x0000009cae100000,0x0000009cae200000)]
  0x0000026880831000 JavaThread "Cache worker for file content cache (C:\Users\Gilang\.gradle\caches\6.2\fileContent)" [_thread_blocked, id=10876, stack(0x0000009cad600000,0x0000009cad700000)]
  0x0000026880835000 JavaThread "Memory manager" [_thread_blocked, id=12276, stack(0x0000009cad500000,0x0000009cad600000)]
  0x0000026881438000 JavaThread "Cache worker for execution history cache (C:\Users\Gilang\.gradle\caches\6.2\executionHistory)" [_thread_blocked, id=14552, stack(0x0000009cacc00000,0x0000009cacd00000)]
  0x0000026881435800 JavaThread "Cache worker for file hash cache (C:\Users\Gilang\.gradle\caches\6.2\fileHashes)" [_thread_blocked, id=17572, stack(0x0000009cac700000,0x0000009cac800000)]
  0x0000026881438800 JavaThread "File lock request listener" [_thread_in_native, id=17656, stack(0x0000009cac600000,0x0000009cac700000)]
  0x0000026881432800 JavaThread "Cache worker for journal cache (C:\Users\Gilang\.gradle\caches\journal-1)" [_thread_blocked, id=17576, stack(0x0000009cac500000,0x0000009cac600000)]
  0x0000026881308800 JavaThread "Daemon worker" [_thread_blocked, id=14952, stack(0x0000009cac100000,0x0000009cac200000)]
  0x00000268812cd800 JavaThread "Daemon" [_thread_blocked, id=2680, stack(0x0000009cabe00000,0x0000009cabf00000)]
  0x0000026881254800 JavaThread "Daemon periodic checks" [_thread_blocked, id=2892, stack(0x0000009cabd00000,0x0000009cabe00000)]
  0x0000026881263000 JavaThread "Incoming local TCP Connector on port 64265" [_thread_in_native, id=16928, stack(0x0000009cabc00000,0x0000009cabd00000)]
  0x0000026881164000 JavaThread "Daemon health stats" [_thread_blocked, id=17060, stack(0x0000009cabb00000,0x0000009cabc00000)]
  0x00000268fe20d000 JavaThread "Service Thread" daemon [_thread_blocked, id=18112, stack(0x0000009cab900000,0x0000009caba00000)]
  0x00000268fe19a000 JavaThread "C1 CompilerThread2" daemon [_thread_blocked, id=4852, stack(0x0000009cab800000,0x0000009cab900000)]
  0x00000268fe190800 JavaThread "C2 CompilerThread1" daemon [_thread_in_native, id=13772, stack(0x0000009cab700000,0x0000009cab800000)]
=>0x00000268fe18b000 JavaThread "C2 CompilerThread0" daemon [_thread_in_native, id=10168, stack(0x0000009cab600000,0x0000009cab700000)]
  0x00000268fe187000 JavaThread "Attach Listener" daemon [_thread_blocked, id=6564, stack(0x0000009cab500000,0x0000009cab600000)]
  0x00000268fe196000 JavaThread "Signal Dispatcher" daemon [_thread_blocked, id=12852, stack(0x0000009cab400000,0x0000009cab500000)]
  0x00000268fda45800 JavaThread "Finalizer" daemon [_thread_blocked, id=8908, stack(0x0000009cab300000,0x0000009cab400000)]
  0x00000268fe176000 JavaThread "Reference Handler" daemon [_thread_blocked, id=3264, stack(0x0000009cab200000,0x0000009cab300000)]
  0x00000268eb1af800 JavaThread "main" [_thread_blocked, id=11652, stack(0x0000009caac00000,0x0000009caad00000)]

Other Threads:
  0x00000268fe152800 VMThread [stack: 0x0000009cab100000,0x0000009cab200000] [id=11512]
  0x00000268fe232000 WatcherThread [stack: 0x0000009caba00000,0x0000009cabb00000] [id=9256]

VM state:not at safepoint (normal execution)

VM Mutex/Monitor currently owned by a thread: None

heap address: 0x00000000e0000000, size: 512 MB, Compressed Oops mode: 32-bit
Narrow klass base: 0x0000000000000000, Narrow klass shift: 3
Compressed class space size: 1073741824 Address: 0x0000000100000000

Heap:
 PSYoungGen      total 117248K, used 74143K [0x00000000f5580000, 0x0000000100000000, 0x0000000100000000)
  eden space 72192K, 47% used [0x00000000f5580000,0x00000000f7739598,0x00000000f9c00000)
  from space 45056K, 87% used [0x00000000fd400000,0x00000000ffaae6a0,0x0000000100000000)
  to   space 51200K, 0% used [0x00000000f9c00000,0x00000000f9c00000,0x00000000fce00000)
 ParOldGen       total 349696K, used 295627K [0x00000000e0000000, 0x00000000f5580000, 0x00000000f5580000)
  object space 349696K, 84% used [0x00000000e0000000,0x00000000f20b2c18,0x00000000f5580000)
 Metaspace       used 103709K, capacity 111034K, committed 111104K, reserved 1144832K
  class space    used 13613K, capacity 15072K, committed 15104K, reserved 1048576K

Card table byte_map: [0x00000268fbe80000,0x00000268fbf90000] byte_map_base: 0x00000268fb780000

Marking Bits: (ParMarkBitMap*) 0x0000000055a04fb0
 Begin Bits: [0x00000268fc040000, 0x00000268fc840000)
 End Bits:   [0x00000268fc840000, 0x00000268fd040000)

Polling page: 0x00000268eca90000

CodeCache: size=245760Kb used=75866Kb max_used=76480Kb free=169893Kb
 bounds [0x00000268ecac0000, 0x00000268f15e0000, 0x00000268fbac0000]
 total_blobs=22155 nmethods=21230 adapters=834
 compilation: enabled

Compilation events (10 events):
Event: 229.209 Thread 0x00000268fe19a000 nmethod 27162 0x00000268ef4b1950 code [0x00000268ef4b1aa0, 0x00000268ef4b1bf8]
Event: 229.211 Thread 0x00000268fe190800 nmethod 27158 0x00000268ef477a50 code [0x00000268ef477ba0, 0x00000268ef477d58]
Event: 229.211 Thread 0x00000268fe190800 27176       4       com.android.tools.r8.code.N0::hashCode (21 bytes)
Event: 229.212 Thread 0x00000268fe19a000 27169       3       com.android.tools.r8.code.S0::<init> (20 bytes)
Event: 229.212 Thread 0x00000268fe190800 nmethod 27176 0x00000268f01a2f10 code [0x00000268f01a3060, 0x00000268f01a3128]
Event: 229.212 Thread 0x00000268fe19a000 nmethod 27169 0x00000268ed4e4c90 code [0x00000268ed4e4e60, 0x00000268ed4e55a0]
Event: 229.212 Thread 0x00000268fe19a000 27172       2       com.android.tools.r8.code.u0::<init> (7 bytes)
Event: 229.213 Thread 0x00000268fe19a000 nmethod 27172 0x00000268ecc2ce50 code [0x00000268ecc2cfc0, 0x00000268ecc2d280]
Event: 229.215 Thread 0x00000268fe190800 27167       4       com.android.tools.r8.graph.h0$u::<init> (6 bytes)
Event: 229.216 Thread 0x00000268fe190800 nmethod 27167 0x00000268ecdc34d0 code [0x00000268ecdc3600, 0x00000268ecdc3678]

GC Heap History (10 events):
Event: 199.903 GC heap before
{Heap before GC invocations=68 (full 5):
 PSYoungGen      total 141824K, used 126741K [0x00000000f5580000, 0x00000000ffc80000, 0x0000000100000000)
  eden space 112640K, 100% used [0x00000000f5580000,0x00000000fc380000,0x00000000fc380000)
  from space 29184K, 48% used [0x00000000fe000000,0x00000000fedc5520,0x00000000ffc80000)
  to   space 29184K, 0% used [0x00000000fc380000,0x00000000fc380000,0x00000000fe000000)
 ParOldGen       total 349696K, used 219765K [0x00000000e0000000, 0x00000000f5580000, 0x00000000f5580000)
  object space 349696K, 62% used [0x00000000e0000000,0x00000000ed69d668,0x00000000f5580000)
 Metaspace       used 103597K, capacity 110938K, committed 111104K, reserved 1144832K
  class space    used 13610K, capacity 15072K, committed 15104K, reserved 1048576K
Event: 199.972 GC heap after
Heap after GC invocations=68 (full 5):
 PSYoungGen      total 141824K, used 29182K [0x00000000f5580000, 0x0000000100000000, 0x0000000100000000)
  eden space 112640K, 0% used [0x00000000f5580000,0x00000000f5580000,0x00000000fc380000)
  from space 29184K, 99% used [0x00000000fc380000,0x00000000fdfffbb0,0x00000000fe000000)
  to   space 32768K, 0% used [0x00000000fe000000,0x00000000fe000000,0x0000000100000000)
 ParOldGen       total 349696K, used 223634K [0x00000000e0000000, 0x00000000f5580000, 0x00000000f5580000)
  object space 349696K, 63% used [0x00000000e0000000,0x00000000eda64940,0x00000000f5580000)
 Metaspace       used 103597K, capacity 110938K, committed 111104K, reserved 1144832K
  class space    used 13610K, capacity 15072K, committed 15104K, reserved 1048576K
}
Event: 200.901 GC heap before
{Heap before GC invocations=69 (full 5):
 PSYoungGen      total 141824K, used 141822K [0x00000000f5580000, 0x0000000100000000, 0x0000000100000000)
  eden space 112640K, 100% used [0x00000000f5580000,0x00000000fc380000,0x00000000fc380000)
  from space 29184K, 99% used [0x00000000fc380000,0x00000000fdfffbb0,0x00000000fe000000)
  to   space 32768K, 0% used [0x00000000fe000000,0x00000000fe000000,0x0000000100000000)
 ParOldGen       total 349696K, used 223634K [0x00000000e0000000, 0x00000000f5580000, 0x00000000f5580000)
  object space 349696K, 63% used [0x00000000e0000000,0x00000000eda64940,0x00000000f5580000)
 Metaspace       used 103623K, capacity 110942K, committed 111104K, reserved 1144832K
  class space    used 13610K, capacity 15072K, committed 15104K, reserved 1048576K
Event: 201.046 GC heap after
Heap after GC invocations=69 (full 5):
 PSYoungGen      total 109056K, used 32736K [0x00000000f5580000, 0x0000000100000000, 0x0000000100000000)
  eden space 76288K, 0% used [0x00000000f5580000,0x00000000f5580000,0x00000000fa000000)
  from space 32768K, 99% used [0x00000000fe000000,0x00000000ffff8070,0x0000000100000000)
  to   space 49152K, 0% used [0x00000000fa000000,0x00000000fa000000,0x00000000fd000000)
 ParOldGen       total 349696K, used 247866K [0x00000000e0000000, 0x00000000f5580000, 0x00000000f5580000)
  object space 349696K, 70% used [0x00000000e0000000,0x00000000ef20e9c0,0x00000000f5580000)
 Metaspace       used 103623K, capacity 110942K, committed 111104K, reserved 1144832K
  class space    used 13610K, capacity 15072K, committed 15104K, reserved 1048576K
}
Event: 202.044 GC heap before
{Heap before GC invocations=70 (full 5):
 PSYoungGen      total 109056K, used 109024K [0x00000000f5580000, 0x0000000100000000, 0x0000000100000000)
  eden space 76288K, 100% used [0x00000000f5580000,0x00000000fa000000,0x00000000fa000000)
  from space 32768K, 99% used [0x00000000fe000000,0x00000000ffff8070,0x0000000100000000)
  to   space 49152K, 0% used [0x00000000fa000000,0x00000000fa000000,0x00000000fd000000)
 ParOldGen       total 349696K, used 247866K [0x00000000e0000000, 0x00000000f5580000, 0x00000000f5580000)
  object space 349696K, 70% used [0x00000000e0000000,0x00000000ef20e9c0,0x00000000f5580000)
 Metaspace       used 103631K, capacity 110946K, committed 111104K, reserved 1144832K
  class space    used 13610K, capacity 15072K, committed 15104K, reserved 1048576K
Event: 202.142 GC heap after
Heap after GC invocations=70 (full 5):
 PSYoungGen      total 125440K, used 18080K [0x00000000f5580000, 0x0000000100000000, 0x0000000100000000)
  eden space 76288K, 0% used [0x00000000f5580000,0x00000000f5580000,0x00000000fa000000)
  from space 49152K, 36% used [0x00000000fa000000,0x00000000fb1a8188,0x00000000fd000000)
  to   space 46080K, 0% used [0x00000000fd300000,0x00000000fd300000,0x0000000100000000)
 ParOldGen       total 349696K, used 278614K [0x00000000e0000000, 0x00000000f5580000, 0x00000000f5580000)
  object space 349696K, 79% used [0x00000000e0000000,0x00000000f1015848,0x00000000f5580000)
 Metaspace       used 103631K, capacity 110946K, committed 111104K, reserved 1144832K
  class space    used 13610K, capacity 15072K, committed 15104K, reserved 1048576K
}
Event: 202.765 GC heap before
{Heap before GC invocations=71 (full 5):
 PSYoungGen      total 125440K, used 94368K [0x00000000f5580000, 0x0000000100000000, 0x0000000100000000)
  eden space 76288K, 100% used [0x00000000f5580000,0x00000000fa000000,0x00000000fa000000)
  from space 49152K, 36% used [0x00000000fa000000,0x00000000fb1a8188,0x00000000fd000000)
  to   space 46080K, 0% used [0x00000000fd300000,0x00000000fd300000,0x0000000100000000)
 ParOldGen       total 349696K, used 278614K [0x00000000e0000000, 0x00000000f5580000, 0x00000000f5580000)
  object space 349696K, 79% used [0x00000000e0000000,0x00000000f1015848,0x00000000f5580000)
 Metaspace       used 103654K, capacity 111014K, committed 111104K, reserved 1144832K
  class space    used 13610K, capacity 15072K, committed 15104K, reserved 1048576K
Event: 202.794 GC heap after
Heap after GC invocations=71 (full 5):
 PSYoungGen      total 120320K, used 7729K [0x00000000f5580000, 0x00000000ffb00000, 0x0000000100000000)
  eden space 79360K, 0% used [0x00000000f5580000,0x00000000f5580000,0x00000000fa300000)
  from space 40960K, 18% used [0x00000000fd300000,0x00000000fda8c628,0x00000000ffb00000)
  to   space 45056K, 0% used [0x00000000fa300000,0x00000000fa300000,0x00000000fcf00000)
 ParOldGen       total 349696K, used 294012K [0x00000000e0000000, 0x00000000f5580000, 0x00000000f5580000)
  object space 349696K, 84% used [0x00000000e0000000,0x00000000f1f1f218,0x00000000f5580000)
 Metaspace       used 103654K, capacity 111014K, committed 111104K, reserved 1144832K
  class space    used 13610K, capacity 15072K, committed 15104K, reserved 1048576K
}
Event: 228.528 GC heap before
{Heap before GC invocations=72 (full 5):
 PSYoungGen      total 120320K, used 82423K [0x00000000f5580000, 0x00000000ffb00000, 0x0000000100000000)
  eden space 79360K, 94% used [0x00000000f5580000,0x00000000f9e718b8,0x00000000fa300000)
  from space 40960K, 18% used [0x00000000fd300000,0x00000000fda8c628,0x00000000ffb00000)
  to   space 45056K, 0% used [0x00000000fa300000,0x00000000fa300000,0x00000000fcf00000)
 ParOldGen       total 349696K, used 294012K [0x00000000e0000000, 0x00000000f5580000, 0x00000000f5580000)
  object space 349696K, 84% used [0x00000000e0000000,0x00000000f1f1f218,0x00000000f5580000)
 Metaspace       used 103703K, capacity 111034K, committed 111104K, reserved 1144832K
  class space    used 13612K, capacity 15072K, committed 15104K, reserved 1048576K
Event: 228.569 GC heap after
Heap after GC invocations=72 (full 5):
 PSYoungGen      total 124416K, used 1633K [0x00000000f5580000, 0x0000000100000000, 0x0000000100000000)
  eden space 79360K, 0% used [0x00000000f5580000,0x00000000f5580000,0x00000000fa300000)
  from space 45056K, 3% used [0x00000000fa300000,0x00000000fa4987f0,0x00000000fcf00000)
  to   space 45056K, 0% used [0x00000000fd400000,0x00000000fd400000,0x0000000100000000)
 ParOldGen       total 349696K, used 294300K [0x00000000e0000000, 0x00000000f5580000, 0x00000000f5580000)
  object space 349696K, 84% used [0x00000000e0000000,0x00000000f1f67218,0x00000000f5580000)
 Metaspace       used 103703K, capacity 111034K, committed 111104K, reserved 1144832K
  class space    used 13612K, capacity 15072K, committed 15104K, reserved 1048576K
}

Deoptimization events (10 events):
Event: 200.420 Thread 0x000002688082d800 Uncommon trap: reason=null_check action=make_not_entrant pc=0x00000268ede04550 method=com.android.tools.r8.s.a.b.h.a(Ljava/lang/Object;)V @ 71
Event: 201.766 Thread 0x0000026880688000 Uncommon trap: reason=unstable_if action=reinterpret pc=0x00000268f04fe858 method=com.android.tools.r8.dex.t.a(Lcom/android/tools/r8/graph/x;)Z @ 10
Event: 202.334 Thread 0x0000026880688000 Uncommon trap: reason=class_check action=maybe_recompile pc=0x00000268f13178f8 method=com.android.tools.r8.dex.m.c(I)V @ 108
Event: 203.570 Thread 0x0000026885174000 Uncommon trap: reason=bimorphic action=maybe_recompile pc=0x00000268f15a15fc method=java.util.function.Predicate.lambda$and$0(Ljava/util/function/Predicate;Ljava/lang/Object;)Z @ 12
Event: 203.571 Thread 0x0000026885174000 Uncommon trap: reason=bimorphic action=maybe_recompile pc=0x00000268f15a15fc method=java.util.function.Predicate.lambda$and$0(Ljava/util/function/Predicate;Ljava/lang/Object;)Z @ 12
Event: 203.571 Thread 0x0000026885174000 Uncommon trap: reason=bimorphic action=maybe_recompile pc=0x00000268f15a7c4c method=java.util.function.Predicate.lambda$and$0(Ljava/util/function/Predicate;Ljava/lang/Object;)Z @ 12
Event: 214.026 Thread 0x000002688516c800 Uncommon trap: reason=unstable_if action=reinterpret pc=0x00000268f0c07a5c method=org.gradle.cache.internal.LockOnDemandCrossProcessCacheAccess.decrementLockCount()V @ 54
Event: 214.234 Thread 0x000002688516a800 Uncommon trap: reason=null_check action=make_not_entrant pc=0x00000268efdd0628 method=java.lang.Integer.equals(Ljava/lang/Object;)Z @ 1
Event: 214.922 Thread 0x000002688516c800 Uncommon trap: reason=unstable_if action=reinterpret pc=0x00000268ee12005c method=org.gradle.cache.internal.LockOnDemandCrossProcessCacheAccess.decrementLockCount()V @ 54
Event: 219.742 Thread 0x000002688516a800 Uncommon trap: reason=class_check action=maybe_recompile pc=0x00000268ed6f5bd4 method=java.lang.Throwable.<init>(Ljava/lang/String;Ljava/lang/Throwable;)V @ 24

Classes redefined (0 events):
No events

Internal exceptions (10 events):
Event: 220.113 Thread 0x0000026880683800 Exception <a 'sun/nio/fs/WindowsException'> (0x00000000f9a8af20) thrown at [C:\jenkins\workspace\8-2-build-windows-amd64-cygwin\jdk8u261\295\hotspot\src\share\vm\prims\jni.cpp, line 710]
Event: 220.114 Thread 0x0000026880681000 Exception <a 'sun/nio/fs/WindowsException'> (0x00000000f9ab8300) thrown at [C:\jenkins\workspace\8-2-build-windows-amd64-cygwin\jdk8u261\295\hotspot\src\share\vm\prims\jni.cpp, line 710]
Event: 228.585 Thread 0x0000026880835800 Exception <a 'sun/nio/fs/WindowsException'> (0x00000000f5c4ae60) thrown at [C:\jenkins\workspace\8-2-build-windows-amd64-cygwin\jdk8u261\295\hotspot\src\share\vm\prims\jni.cpp, line 710]
Event: 228.719 Thread 0x0000026885172000 Exception <a 'sun/nio/fs/WindowsException'> (0x00000000f7509198) thrown at [C:\jenkins\workspace\8-2-build-windows-amd64-cygwin\jdk8u261\295\hotspot\src\share\vm\prims\jni.cpp, line 710]
Event: 228.720 Thread 0x0000026885172000 Exception <a 'sun/nio/fs/WindowsException'> (0x00000000f7509e40) thrown at [C:\jenkins\workspace\8-2-build-windows-amd64-cygwin\jdk8u261\295\hotspot\src\share\vm\prims\jni.cpp, line 710]
Event: 228.720 Thread 0x0000026885172000 Exception <a 'sun/nio/fs/WindowsException'> (0x00000000f750ab70) thrown at [C:\jenkins\workspace\8-2-build-windows-amd64-cygwin\jdk8u261\295\hotspot\src\share\vm\prims\jni.cpp, line 710]
Event: 228.756 Thread 0x0000026885172000 Exception <a 'sun/nio/fs/WindowsException'> (0x00000000f751bc60) thrown at [C:\jenkins\workspace\8-2-build-windows-amd64-cygwin\jdk8u261\295\hotspot\src\share\vm\prims\jni.cpp, line 710]
Event: 228.756 Thread 0x0000026885172000 Exception <a 'sun/nio/fs/WindowsException'> (0x00000000f751cd28) thrown at [C:\jenkins\workspace\8-2-build-windows-amd64-cygwin\jdk8u261\295\hotspot\src\share\vm\prims\jni.cpp, line 710]
Event: 228.756 Thread 0x0000026885172000 Exception <a 'sun/nio/fs/WindowsException'> (0x00000000f751d978) thrown at [C:\jenkins\workspace\8-2-build-windows-amd64-cygwin\jdk8u261\295\hotspot\src\share\vm\prims\jni.cpp, line 710]
Event: 228.756 Thread 0x0000026885172000 Exception <a 'sun/nio/fs/WindowsException'> (0x00000000f751ea50) thrown at [C:\jenkins\workspace\8-2-build-windows-amd64-cygwin\jdk8u261\295\hotspot\src\share\vm\prims\jni.cpp, line 710]

Events (10 events):
Event: 229.188 Executing VM operation: RevokeBias
Event: 229.188 Executing VM operation: RevokeBias done
Event: 229.189 Executing VM operation: RevokeBias
Event: 229.189 Executing VM operation: RevokeBias done
Event: 229.193 Thread 0x0000026880682000 DEOPT PACKING pc=0x00000268ecc15f44 sp=0x0000009caeafeb80
Event: 229.193 Thread 0x0000026880682000 DEOPT UNPACKING pc=0x00000268ecb07898 sp=0x0000009caeafe948 mode 0
Event: 229.195 Thread 0x00000268fe190800 flushing nmethod 0x00000268ed02b6d0
Event: 229.195 Thread 0x00000268fe190800 flushing nmethod 0x00000268ed04fd10
Event: 229.202 Thread 0x00000268fe19a000 flushing nmethod 0x00000268ed438590
Event: 229.203 Thread 0x00000268fe19a000 flushing nmethod 0x00000268ed4e4a10


Dynamic libraries:
0x00007ff7367d0000 - 0x00007ff736817000 	C:\Program Files\Java\jdk1.8.0_261\bin\java.exe
0x00007ff970710000 - 0x00007ff970905000 	C:\WINDOWS\SYSTEM32\ntdll.dll
0x00007ff96ea40000 - 0x00007ff96eafd000 	C:\WINDOWS\System32\KERNEL32.DLL
0x00007ff96e040000 - 0x00007ff96e307000 	C:\WINDOWS\System32\KERNELBASE.dll
0x00007ff96f2f0000 - 0x00007ff96f39a000 	C:\WINDOWS\System32\ADVAPI32.dll
0x00007ff96fcb0000 - 0x00007ff96fd4e000 	C:\WINDOWS\System32\msvcrt.dll
0x00007ff9701e0000 - 0x00007ff97027b000 	C:\WINDOWS\System32\sechost.dll
0x00007ff96fd50000 - 0x00007ff96fe73000 	C:\WINDOWS\System32\RPCRT4.dll
0x00007ff96e890000 - 0x00007ff96ea30000 	C:\WINDOWS\System32\USER32.dll
0x00007ff96e530000 - 0x00007ff96e552000 	C:\WINDOWS\System32\win32u.dll
0x00007ff970000000 - 0x00007ff97002a000 	C:\WINDOWS\System32\GDI32.dll
0x00007ff96e310000 - 0x00007ff96e41a000 	C:\WINDOWS\System32\gdi32full.dll
0x00007ff96e6e0000 - 0x00007ff96e77d000 	C:\WINDOWS\System32\msvcp_win.dll
0x00007ff96e5e0000 - 0x00007ff96e6e0000 	C:\WINDOWS\System32\ucrtbase.dll
0x00007ff95e090000 - 0x00007ff95e32a000 	C:\WINDOWS\WinSxS\amd64_microsoft.windows.common-controls_6595b64144ccf1df_6.0.19041.1_none_b555e41d4684ddec\COMCTL32.dll
0x00007ff9702e0000 - 0x00007ff970310000 	C:\WINDOWS\System32\IMM32.DLL
0x00007ff95ecc0000 - 0x00007ff95ecd5000 	C:\Program Files\Java\jdk1.8.0_261\jre\bin\vcruntime140.dll
0x00007ff942fc0000 - 0x00007ff94305b000 	C:\Program Files\Java\jdk1.8.0_261\jre\bin\msvcp140.dll
0x0000000055210000 - 0x0000000055a7c000 	C:\Program Files\Java\jdk1.8.0_261\jre\bin\server\jvm.dll
0x00007ff96f8e0000 - 0x00007ff96f8e8000 	C:\WINDOWS\System32\PSAPI.DLL
0x00007ff95e340000 - 0x00007ff95e367000 	C:\WINDOWS\SYSTEM32\WINMM.dll
0x00007ff96c660000 - 0x00007ff96c66a000 	C:\WINDOWS\SYSTEM32\VERSION.dll
0x00007ff967e40000 - 0x00007ff967e49000 	C:\WINDOWS\SYSTEM32\WSOCK32.dll
0x00007ff96f8f0000 - 0x00007ff96f95b000 	C:\WINDOWS\System32\WS2_32.dll
0x00007ff96c770000 - 0x00007ff96c783000 	C:\WINDOWS\SYSTEM32\kernel.appcore.dll
0x00007ff95fa80000 - 0x00007ff95fa90000 	C:\Program Files\Java\jdk1.8.0_261\jre\bin\verify.dll
0x00007ff95d790000 - 0x00007ff95d7bb000 	C:\Program Files\Java\jdk1.8.0_261\jre\bin\java.dll
0x00007ff958060000 - 0x00007ff958078000 	C:\Program Files\Java\jdk1.8.0_261\jre\bin\zip.dll
0x00007ff96eb00000 - 0x00007ff96f240000 	C:\WINDOWS\System32\SHELL32.dll
0x00007ff96bc30000 - 0x00007ff96c3c1000 	C:\WINDOWS\SYSTEM32\windows.storage.dll
0x00007ff970370000 - 0x00007ff9706c3000 	C:\WINDOWS\System32\combase.dll
0x00007ff96d8e0000 - 0x00007ff96d90c000 	C:\WINDOWS\SYSTEM32\Wldp.dll
0x00007ff96f240000 - 0x00007ff96f2ee000 	C:\WINDOWS\System32\SHCORE.dll
0x00007ff96e830000 - 0x00007ff96e885000 	C:\WINDOWS\System32\shlwapi.dll
0x00007ff96dda0000 - 0x00007ff96ddbf000 	C:\WINDOWS\SYSTEM32\profapi.dll
0x00007ff957920000 - 0x00007ff95793c000 	C:\Program Files\Java\jdk1.8.0_261\jre\bin\net.dll
0x00007ff96d660000 - 0x00007ff96d6ca000 	C:\WINDOWS\system32\mswsock.dll
0x00007ff957900000 - 0x00007ff957913000 	C:\Program Files\Java\jdk1.8.0_261\jre\bin\nio.dll
0x00007ff95ed80000 - 0x00007ff95edaa000 	C:\Users\Gilang\.gradle\native\36\windows-amd64\native-platform.dll
0x00007ff95f410000 - 0x00007ff95f41d000 	C:\Program Files\Java\jdk1.8.0_261\jre\bin\management.dll
0x00007ff96d840000 - 0x00007ff96d858000 	C:\WINDOWS\SYSTEM32\CRYPTSP.dll
0x00007ff96cf80000 - 0x00007ff96cfb4000 	C:\WINDOWS\system32\rsaenh.dll
0x00007ff96e010000 - 0x00007ff96e037000 	C:\WINDOWS\System32\bcrypt.dll
0x00007ff96dd20000 - 0x00007ff96dd4e000 	C:\WINDOWS\SYSTEM32\USERENV.dll
0x00007ff96e560000 - 0x00007ff96e5df000 	C:\WINDOWS\System32\bcryptprimitives.dll
0x00007ff96d830000 - 0x00007ff96d83c000 	C:\WINDOWS\SYSTEM32\CRYPTBASE.dll
0x00007ff96d300000 - 0x00007ff96d33b000 	C:\WINDOWS\SYSTEM32\IPHLPAPI.DLL
0x00007ff96ea30000 - 0x00007ff96ea39000 	C:\WINDOWS\System32\NSI.dll
0x00007ff962740000 - 0x00007ff962757000 	C:\WINDOWS\SYSTEM32\dhcpcsvc6.DLL
0x00007ff963b20000 - 0x00007ff963b3d000 	C:\WINDOWS\SYSTEM32\dhcpcsvc.DLL
0x00007ff96d3a0000 - 0x00007ff96d46a000 	C:\WINDOWS\SYSTEM32\DNSAPI.dll
0x00007ff96cbd0000 - 0x00007ff96cc03000 	C:\WINDOWS\SYSTEM32\ntmarta.dll
0x00007ff96b890000 - 0x00007ff96ba74000 	C:\WINDOWS\SYSTEM32\dbghelp.dll

VM Arguments:
jvm_args: -XX:MaxMetaspaceSize=256m -XX:+HeapDumpOnOutOfMemoryError -Xms256m -Xmx512m -Dfile.encoding=windows-1252 -Duser.country=US -Duser.language=en -Duser.variant 
java_command: org.gradle.launcher.daemon.bootstrap.GradleDaemon 6.2
java_class_path (initial): C:\Users\Gilang\.gradle\wrapper\dists\gradle-6.2-all\dvufqs6kielxeao781pmk5huj\gradle-6.2\lib\gradle-launcher-6.2.jar
Launcher Type: SUN_STANDARD

Environment Variables:
JAVA_HOME=C:\Program Files\Java\jdk1.8.0_261
PATH=C:\Program Files (x86)\Common Files\Oracle\Java\javapath;C:\Program Files (x86)\Intel\Intel(R) Management Engine Components\iCLS\;C:\Program Files\Intel\Intel(R) Management Engine Components\iCLS\;C:\Windows\system32;C:\Windows;C:\Windows\System32\Wbem;C:\Windows\System32\WindowsPowerShell\v1.0\;C:\Windows\System32\OpenSSH\;C:\Program Files (x86)\Intel\Intel(R) Management Engine Components\DAL;C:\Program Files\Intel\Intel(R) Management Engine Components\DAL;C:\Program Files (x86)\Intel\Intel(R) Management Engine Components\IPT;C:\Program Files\Intel\Intel(R) Management Engine Components\IPT;C:\Program Files (x86)\NVIDIA Corporation\PhysX\Common;C:\WINDOWS\system32;C:\WINDOWS;C:\WINDOWS\System32\Wbem;C:\WINDOWS\System32\WindowsPowerShell\v1.0\;C:\WINDOWS\System32\OpenSSH\;C:\Program Files\nodejs\;C:\Program Files\Git\cmd;C:\Users\Gilang\AppData\Local\Programs\Python\Python38-32;C:\Users\Gilang\AppData\Local\Programs\Python\Python38-32\Scripts;C:\Users\Gilang\AppData\Local\Microsoft\WindowsApps;C:\Users\Gilang\AppData\Local\Programs\Microsoft VS Code\bin;C:\Users\Gilang\AppData\Roaming\npm;C:\Users\Gilang\AppData\Local\Android\Sdk\platform-tools;C:\Users\Gilang\AppData\Local\Programs\Python\Python38-32;C:\Users\Gilang\AppData\Local\Programs\Python\Python38-32\Scripts;
USERNAME=Gilang
OS=Windows_NT
PROCESSOR_IDENTIFIER=Intel64 Family 6 Model 142 Stepping 9, GenuineIntel



---------------  S Y S T E M  ---------------

OS: Windows 10.0 , 64 bit Build 19041 (10.0.19041.292)

CPU:total 4 (initial active 4) (2 cores per cpu, 2 threads per core) family 6 model 142 stepping 9, cmov, cx8, fxsr, mmx, sse, sse2, sse3, ssse3, sse4.1, sse4.2, popcnt, avx, avx2, aes, clmul, erms, 3dnowpref, lzcnt, ht, tsc, tscinvbit, bmi1, bmi2, adx

Memory: 4k page, physical 8267760k(935976k free), swap 11120624k(7720k free)

vm_info: Java HotSpot(TM) 64-Bit Server VM (25.261-b12) for windows-amd64 JRE (1.8.0_261-b12), built on Jun 18 2020 06:56:32 by "" with unknown MS VC++:1916

time: Mon Sep  7 14:09:07 2020
timezone: SE Asia Standard Time
elapsed time: 229 seconds (0d 0h 3m 49s)

